[debug] [2021-08-26T14:06:55.121Z] ----------------------------------------------------------------------
[debug] [2021-08-26T14:06:55.127Z] Command:       C:\Program Files\nodejs\node.exe C:\Users\vilavoud\AppData\Roaming\npm\node_modules\firebase-tools\lib\bin\firebase.js init
[debug] [2021-08-26T14:06:55.128Z] CLI Version:   9.16.6
[debug] [2021-08-26T14:06:55.128Z] Platform:      win32
[debug] [2021-08-26T14:06:55.129Z] Node Version:  v10.16.3
[debug] [2021-08-26T14:06:55.130Z] Time:          Thu Aug 26 2021 21:06:55 GMT+0700 (Indochina Time)
[debug] [2021-08-26T14:06:55.130Z] ----------------------------------------------------------------------
[debug] 
[debug] [2021-08-26T14:06:55.145Z] > command requires scopes: ["email","openid","https://www.googleapis.com/auth/cloudplatformprojects.readonly","https://www.googleapis.com/auth/firebase","https://www.googleapis.com/auth/cloud-platform"]
[debug] [2021-08-26T14:06:55.145Z] > authorizing via signed-in user (vilavoud7789@gmail.com)
[info] 
     ######## #### ########  ######## ########     ###     ######  ########
     ##        ##  ##     ## ##       ##     ##  ##   ##  ##       ##
     ######    ##  ########  ######   ########  #########  ######  ######
     ##        ##  ##    ##  ##       ##     ## ##     ##       ## ##
     ##       #### ##     ## ######## ########  ##     ##  ######  ########

You're about to initialize a Firebase project in this directory:

  C:\Users\vilavoud\Desktop\react-redux-ecom

[info] 
=== Project Setup
[info] 
[info] First, let's associate this project directory with a Firebase project.
[info] You can create multiple project aliases by running firebase use --add, 
[info] but for now we'll just set up a default project.
[info] 
[debug] [2021-08-26T14:13:25.540Z] >>> [apiv2][query] GET https://firebase.googleapis.com/v1beta1/projects pageSize=100
[debug] [2021-08-26T14:13:26.364Z] <<< [apiv2][status] GET https://firebase.googleapis.com/v1beta1/projects 200
[debug] [2021-08-26T14:13:26.365Z] <<< [apiv2][body] GET https://firebase.googleapis.com/v1beta1/projects [omitted]
[info] i  Using project react-deploy-9dce2 (React-Deploy) 
[info] 
=== Hosting Setup
[info] 
[info] Your public directory is the folder (relative to your project directory) that
[info] will contain Hosting assets to be uploaded with firebase deploy. If you
[info] have a build process for your assets, use your build's output directory.
[info] 
[debug] [2021-08-26T14:16:46.131Z] >>> [apiv2][query] GET https://www.gstatic.com/firebasejs/releases.json [none]
[debug] [2021-08-26T14:16:46.685Z] <<< [apiv2][status] GET https://www.gstatic.com/firebasejs/releases.json 200
[debug] [2021-08-26T14:16:46.685Z] <<< [apiv2][body] GET https://www.gstatic.com/firebasejs/releases.json {"current":{"version":"9.0.0","browserURLCompat":"https://www.gstatic.com/firebasejs/9.0.0/firebase-compat.js","packageURL":"https://www.gstatic.com/firebasejs/9.0.0/firebase.tgz"},"live":{"version":"9.0","browserURLCompat":"https://www.gstatic.com/firebasejs/live/9.0/firebase-compat.js","packageURL":"https://www.gstatic.com/firebasejs/live/9.0/firebase.tgz"},"components":{"analytics":"https://www.gstatic.com/firebasejs/9.0.0/firebase-analytics.js","app":"https://www.gstatic.com/firebasejs/9.0.0/firebase-app.js","app-check":"https://www.gstatic.com/firebasejs/9.0.0/firebase-app-check.js","auth":"https://www.gstatic.com/firebasejs/9.0.0/firebase-auth.js","functions":"https://www.gstatic.com/firebasejs/9.0.0/firebase-functions.js","firestore":"https://www.gstatic.com/firebasejs/9.0.0/firebase-firestore.js","storage":"https://www.gstatic.com/firebasejs/9.0.0/firebase-storage.js","performance":"https://www.gstatic.com/firebasejs/9.0.0/firebase-performance.js","remote-config":"https://www.gstatic.com/firebasejs/9.0.0/firebase-remote-config.js","messaging":"https://www.gstatic.com/firebasejs/9.0.0/firebase-messaging.js","database":"https://www.gstatic.com/firebasejs/9.0.0/firebase-database.js","app-compat":"https://www.gstatic.com/firebasejs/9.0.0/firebase-app-compat.js","analytics-compat":"https://www.gstatic.com/firebasejs/9.0.0/firebase-analytics-compat.js","app-check-compat":"https://www.gstatic.com/firebasejs/9.0.0/firebase-app-check-compat.js","auth-compat":"https://www.gstatic.com/firebasejs/9.0.0/firebase-auth-compat.js","functions-compat":"https://www.gstatic.com/firebasejs/9.0.0/firebase-functions-compat.js","messaging-compat":"https://www.gstatic.com/firebasejs/9.0.0/firebase-messaging-compat.js","performance-compat":"https://www.gstatic.com/firebasejs/9.0.0/firebase-performance-compat.js","remote-config-compat":"https://www.gstatic.com/firebasejs/9.0.0/firebase-remote-config-compat.js","firestore-compat":"https://www.gstatic.com/firebasejs/9.0.0/firebase-firestore-compat.js","storage-compat":"https://www.gstatic.com/firebasejs/9.0.0/firebase-storage-compat.js","database-compat":"https://www.gstatic.com/firebasejs/9.0.0/firebase-database-compat.js","firestore-lite":"https://www.gstatic.com/firebasejs/9.0.0/firebase-firestore-lite.js","messaging-sw":"https://www.gstatic.com/firebasejs/9.0.0/firebase-messaging-sw.js","auth-cordova":"https://www.gstatic.com/firebasejs/9.0.0/firebase-auth-cordova.js","auth-react-native":"https://www.gstatic.com/firebasejs/9.0.0/firebase-auth-react-native.js","performance-standalone":"https://www.gstatic.com/firebasejs/9.0.0/firebase-performance-standalone.js","performance-standalone-compat":"https://www.gstatic.com/firebasejs/9.0.0/firebase-performance-standalone-compat.js"}}
[info] +  Wrote build/index.html 
[info] 
[info] i  Detected a .git folder at C:\Users\vilavoud\Desktop\react-redux-ecom 
[info] i  Authorizing with GitHub to upload your service account to a GitHub repository's secrets store. 
[info] 
[info] Visit this URL on this device to log in:
[info] https://github.com/login/oauth/authorize?client_id=89cf50f02ac6aaed3484&state=748568832&redirect_uri=http%3A%2F%2Flocalhost%3A9005&scope=read%3Auser%20repo%20public_repo
[info] 
[info] Waiting for authentication...
[debug] [2021-08-26T14:17:11.127Z] >>> HTTP REQUEST POST https://github.com/login/oauth/access_token  
 {"client_id":"89cf50f02ac6aaed3484","client_secret":"3330d14abc895d9a74d5f17cd7a00711fa2c5bf0","code":"9f4b7eff50708d9abf61","redirect_uri":"http://localhost:9005","state":"748568832"}
[debug] [2021-08-26T14:17:11.802Z] <<< HTTP RESPONSE 200 {"server":"GitHub.com","date":"Fri, 27 Aug 2021 14:10:17 GMT","content-type":"application/json; charset=utf-8","transfer-encoding":"chunked","vary":"X-PJAX, X-PJAX-Container, Accept-Encoding, Accept, X-Requested-With","permissions-policy":"interest-cohort=()","etag":"W/\"4e162baa3aca013a1d035bd5de5b2b30\"","cache-control":"max-age=0, private, must-revalidate","strict-transport-security":"max-age=31536000; includeSubdomains; preload","x-frame-options":"deny","x-content-type-options":"nosniff","x-xss-protection":"0","referrer-policy":"origin-when-cross-origin, strict-origin-when-cross-origin","expect-ct":"max-age=2592000, report-uri=\"https://api.github.com/_private/browser/errors\"","content-security-policy":"default-src 'none'; base-uri 'self'; block-all-mixed-content; connect-src 'self' uploads.github.com www.githubstatus.com collector.githubapp.com api.github.com github-cloud.s3.amazonaws.com github-production-repository-file-5c1aeb.s3.amazonaws.com github-production-upload-manifest-file-7fdce7.s3.amazonaws.com github-production-user-asset-6210df.s3.amazonaws.com cdn.optimizely.com logx.optimizely.com/v1/events translator.github.com wss://alive.github.com; font-src github.githubassets.com; form-action 'self' github.com gist.github.com; frame-ancestors 'none'; frame-src render.githubusercontent.com viewscreen.githubusercontent.com; img-src 'self' data: github.githubassets.com identicons.github.com collector.githubapp.com github-cloud.s3.amazonaws.com secured-user-images.githubusercontent.com/ *.githubusercontent.com; manifest-src 'self'; media-src 'none'; script-src github.githubassets.com; style-src 'unsafe-inline' github.githubassets.com; worker-src github.com/socket-worker-b05e50fc.js gist.github.com/socket-worker-b05e50fc.js","x-github-request-id":"45DC:3AC4:199170:20E308:6128F248"}
[debug] [2021-08-26T14:17:11.810Z] >>> [apiv2][query] GET https://api.github.com/user [none]
[debug] [2021-08-26T14:17:12.961Z] <<< [apiv2][status] GET https://api.github.com/user 200
[debug] [2021-08-26T14:17:12.962Z] <<< [apiv2][body] GET https://api.github.com/user {"login":"vilavoud","id":38022003,"node_id":"MDQ6VXNlcjM4MDIyMDAz","avatar_url":"https://avatars.githubusercontent.com/u/38022003?v=4","gravatar_id":"","url":"https://api.github.com/users/vilavoud","html_url":"https://github.com/vilavoud","followers_url":"https://api.github.com/users/vilavoud/followers","following_url":"https://api.github.com/users/vilavoud/following{/other_user}","gists_url":"https://api.github.com/users/vilavoud/gists{/gist_id}","starred_url":"https://api.github.com/users/vilavoud/starred{/owner}{/repo}","subscriptions_url":"https://api.github.com/users/vilavoud/subscriptions","organizations_url":"https://api.github.com/users/vilavoud/orgs","repos_url":"https://api.github.com/users/vilavoud/repos","events_url":"https://api.github.com/users/vilavoud/events{/privacy}","received_events_url":"https://api.github.com/users/vilavoud/received_events","type":"User","site_admin":false,"name":null,"company":null,"blog":"","location":null,"email":null,"hireable":null,"bio":null,"twitter_username":null,"public_repos":5,"public_gists":0,"followers":0,"following":0,"created_at":"2018-04-03T00:56:37Z","updated_at":"2021-08-12T05:25:59Z","private_gists":0,"total_private_repos":0,"owned_private_repos":0,"disk_usage":3984,"collaborators":0,"two_factor_authentication":false,"plan":{"name":"free","space":976562499,"collaborators":0,"private_repos":10000}}
[info] 
[info] +  Success! Logged into GitHub as vilavoud 
[info] 
[debug] [2021-08-26T14:18:06.488Z] >>> [apiv2][query] GET https://api.github.com/repos//actions/secrets/public-key type=owner
[debug] [2021-08-26T14:18:07.079Z] <<< [apiv2][status] GET https://api.github.com/repos//actions/secrets/public-key 404
[debug] [2021-08-26T14:18:07.079Z] <<< [apiv2][body] GET https://api.github.com/repos//actions/secrets/public-key {"message":"Not Found","documentation_url":"https://docs.github.com/rest"}
[debug] [2021-08-26T14:18:08.827Z] >>> [apiv2][query] GET https://api.github.com/repos/y/actions/secrets/public-key type=owner
[debug] [2021-08-26T14:18:09.347Z] >>> [apiv2][query] GET https://api.github.com/repos//actions/secrets/public-key type=owner
[debug] [2021-08-26T14:18:09.380Z] <<< [apiv2][status] GET https://api.github.com/repos/y/actions/secrets/public-key 404
[debug] [2021-08-26T14:18:09.380Z] <<< [apiv2][body] GET https://api.github.com/repos/y/actions/secrets/public-key {"message":"Not Found","documentation_url":"https://docs.github.com/rest"}
[debug] [2021-08-26T14:18:09.865Z] <<< [apiv2][status] GET https://api.github.com/repos//actions/secrets/public-key 404
[debug] [2021-08-26T14:18:09.865Z] <<< [apiv2][body] GET https://api.github.com/repos//actions/secrets/public-key {"message":"Not Found","documentation_url":"https://docs.github.com/rest"}
[debug] [2021-08-26T14:18:36.267Z] >>> [apiv2][query] GET https://api.github.com/repos/y/actions/secrets/public-key type=owner
[debug] [2021-08-26T14:18:36.828Z] <<< [apiv2][status] GET https://api.github.com/repos/y/actions/secrets/public-key 404
[debug] [2021-08-26T14:18:36.829Z] <<< [apiv2][body] GET https://api.github.com/repos/y/actions/secrets/public-key {"message":"Not Found","documentation_url":"https://docs.github.com/rest"}
[debug] [2021-08-26T14:21:15.748Z] >>> [apiv2][query] GET https://api.github.com/repos/vilavoud/actions/secrets/public-key type=owner
[debug] [2021-08-26T14:21:16.293Z] <<< [apiv2][status] GET https://api.github.com/repos/vilavoud/actions/secrets/public-key 404
[debug] [2021-08-26T14:21:16.293Z] <<< [apiv2][body] GET https://api.github.com/repos/vilavoud/actions/secrets/public-key {"message":"Not Found","documentation_url":"https://docs.github.com/rest"}
[debug] [2021-08-26T14:21:16.375Z] >>> [apiv2][query] GET https://api.github.com/repos//actions/secrets/public-key type=owner
[debug] [2021-08-26T14:21:16.542Z] >>> [apiv2][query] GET https://api.github.com/repos//actions/secrets/public-key type=owner
[debug] [2021-08-26T14:21:16.875Z] <<< [apiv2][status] GET https://api.github.com/repos//actions/secrets/public-key 404
[debug] [2021-08-26T14:21:16.875Z] <<< [apiv2][body] GET https://api.github.com/repos//actions/secrets/public-key {"message":"Not Found","documentation_url":"https://docs.github.com/rest"}
[debug] [2021-08-26T14:21:17.052Z] <<< [apiv2][status] GET https://api.github.com/repos//actions/secrets/public-key 404
[debug] [2021-08-26T14:21:17.052Z] <<< [apiv2][body] GET https://api.github.com/repos//actions/secrets/public-key {"message":"Not Found","documentation_url":"https://docs.github.com/rest"}
